<?xml version="1.0" encoding="UTF-8"?>
<testng-results skipped="0" failed="0" ignored="0" total="1" passed="1">
  <reporter-output>
  </reporter-output>
  <suite name="Default suite" duration-ms="35329" started-at="2020-04-16T12:50:34 CEST" finished-at="2020-04-16T12:51:10 CEST">
    <groups>
      <group name="AMAZON">
        <method signature="AmanzonTest.TestAmazonSearch()[pri:0, instance:com.selenium.tests.AmanzonTest@67205a84]" name="TestAmazonSearch" class="com.selenium.tests.AmanzonTest"/>
      </group> <!-- AMAZON -->
    </groups>
    <test name="Default test" duration-ms="35329" started-at="2020-04-16T12:50:34 CEST" finished-at="2020-04-16T12:51:10 CEST">
      <class name="com.selenium.tests.AmanzonTest">
        <test-method status="PASS" signature="beforeClass()[pri:0, instance:com.selenium.tests.AmanzonTest@67205a84]" name="beforeClass" is-config="true" duration-ms="24294" started-at="2020-04-16T12:50:34 CEST" finished-at="2020-04-16T12:50:59 CEST">
          <reporter-output>
          </reporter-output>
        </test-method> <!-- beforeClass -->
        <test-method status="PASS" signature="TestAmazonSearch()[pri:0, instance:com.selenium.tests.AmanzonTest@67205a84]" name="TestAmazonSearch" duration-ms="10619" started-at="2020-04-16T12:50:59 CEST" finished-at="2020-04-16T12:51:09 CEST">
          <reporter-output>
          </reporter-output>
        </test-method> <!-- TestAmazonSearch -->
        <test-method status="PASS" signature="close()[pri:0, instance:com.selenium.tests.AmanzonTest@67205a84]" name="close" is-config="true" duration-ms="379" started-at="2020-04-16T12:51:09 CEST" finished-at="2020-04-16T12:51:10 CEST">
          <reporter-output>
          </reporter-output>
        </test-method> <!-- close -->
      </class> <!-- com.selenium.tests.AmanzonTest -->
    </test> <!-- Default test -->
  </suite> <!-- Default suite -->
</testng-results>
